<?xml version="1.0" encoding="UTF-8"?>
<!-- Generated by org.testng.reporters.JUnitReportReporter -->
<testsuite hostname="AnmolPC" failures="0" tests="1" name="testcases.TC2_LaunchURL" time="22.786" errors="0" timestamp="12 May 2021 11:00:27 GMT" skipped="0">
  <testcase classname="testcases.TC2_LaunchURL" name="getURL" time="22.786"/>
</testsuite> <!-- testcases.TC2_LaunchURL -->
