<?xml version="1.0" encoding="UTF-8"?>
<!-- Generated by org.testng.reporters.JUnitReportReporter -->
<testsuite hostname="AnmolPC" failures="0" tests="5" name="testcases.TC3_UpcomingBikes" time="28.552" errors="0" timestamp="12 May 2021 11:00:27 GMT" skipped="0">
  <testcase classname="testcases.TC3_UpcomingBikes" name="newUpcomingBikes" time="2.466"/>
  <testcase classname="testcases.TC3_UpcomingBikes" name="makeHonda" time="20.280"/>
  <testcase classname="testcases.TC3_UpcomingBikes" name="hondaBikesDetail" time="0.266"/>
  <testcase classname="testcases.TC3_UpcomingBikes" name="sortingDetails" time="0.002"/>
  <testcase classname="testcases.TC3_UpcomingBikes" name="displayingDetails" time="5.538"/>
</testsuite> <!-- testcases.TC3_UpcomingBikes -->
