<?xml version="1.0" encoding="UTF-8"?>
<!-- Generated by org.testng.reporters.JUnitReportReporter -->
<testsuite hostname="AnmolPC" failures="0" tests="2" name="testcases.TC5_GoogleSignIn" time="9.732" errors="0" timestamp="12 May 2021 11:00:27 GMT" skipped="0">
  <testcase classname="testcases.TC5_GoogleSignIn" name="signUp" time="9.334"/>
  <testcase classname="testcases.TC5_GoogleSignIn" name="screenshotErrMsg" time="0.398"/>
</testsuite> <!-- testcases.TC5_GoogleSignIn -->
