<?xml version="1.0" encoding="UTF-8"?>
<!-- Generated by org.testng.reporters.JUnitReportReporter -->
<testsuite hostname="AnmolPC" failures="0" tests="2" name="testcases.TC4_UsedCars" time="20.150" errors="0" timestamp="12 May 2021 11:00:27 GMT" skipped="0">
  <testcase classname="testcases.TC4_UsedCars" name="usedCarsChn" time="16.741"/>
  <testcase classname="testcases.TC4_UsedCars" name="popularModels" time="3.409"/>
</testsuite> <!-- testcases.TC4_UsedCars -->
