<?xml version="1.0" encoding="UTF-8"?>
<!-- Generated by org.testng.reporters.JUnitReportReporter -->
<testsuite hostname="AnmolPC" failures="0" tests="1" name="testcases.TC1_BrowserSelect" time="3.569" errors="0" timestamp="12 May 2021 11:00:27 GMT" skipped="0">
  <testcase classname="testcases.TC1_BrowserSelect" name="selDriver" time="3.569"/>
</testsuite> <!-- testcases.TC1_BrowserSelect -->
